TN:
SF:src/domain/useCases/Projects/createProject.ts
FN:15,execute
FN:12,CreateProject
FNF:2
FNH:2
FNDA:6,execute
FNDA:4,CreateProject
DA:1,1
DA:2,1
DA:3,1
DA:4,1
DA:5,1
DA:6,1
DA:7,1
DA:8,1
DA:9,1
DA:10,1
DA:11,1
DA:12,1
DA:13,4
DA:14,1
DA:15,1
DA:16,6
DA:17,6
DA:18,1
DA:19,1
DA:20,5
DA:21,5
DA:22,5
DA:23,6
DA:24,1
DA:25,1
DA:26,6
DA:27,6
DA:28,6
DA:29,6
DA:30,6
DA:31,6
DA:32,6
DA:33,6
DA:34,6
DA:35,6
DA:36,6
DA:37,6
DA:38,1
LF:38
LH:38
BRDA:15,0,0,6
BRDA:17,1,0,1
BRDA:20,2,0,5
BRDA:23,3,0,1
BRDA:12,4,0,4
BRF:5
BRH:5
end_of_record
TN:
SF:src/domain/useCases/Sessions/CreateSession.ts
FN:31,execute
FN:24,CreateSession
FNF:2
FNH:2
FNDA:5,execute
FNDA:5,CreateSession
DA:1,1
DA:2,1
DA:3,1
DA:4,1
DA:5,1
DA:6,1
DA:7,1
DA:8,1
DA:9,1
DA:10,1
DA:11,1
DA:12,1
DA:13,1
DA:14,1
DA:15,1
DA:16,1
DA:17,1
DA:18,1
DA:19,1
DA:20,1
DA:21,1
DA:22,1
DA:23,1
DA:24,1
DA:25,5
DA:26,5
DA:27,5
DA:28,5
DA:29,5
DA:30,1
DA:31,1
DA:32,5
DA:33,5
DA:34,5
DA:35,1
DA:36,1
DA:37,5
DA:38,5
DA:39,5
DA:40,5
DA:41,1
DA:42,1
DA:43,3
DA:44,3
DA:45,3
DA:46,3
DA:47,3
DA:48,3
DA:49,3
DA:50,3
DA:51,3
DA:52,3
DA:53,3
DA:54,3
DA:55,3
DA:56,3
DA:57,1
LF:57
LH:57
BRDA:24,0,0,0
BRDA:26,1,0,0
BRDA:31,2,0,5
BRDA:34,3,0,1
BRDA:40,4,0,3
BRDA:40,5,0,1
BRDA:24,6,0,5
BRF:7
BRH:5
end_of_record
TN:
SF:src/domain/useCases/Sessions/RefreshTokenUseCase.ts
FN:23,execute
FN:18,RefreshTokenUseCase
FNF:2
FNH:2
FNDA:2,execute
FNDA:2,RefreshTokenUseCase
DA:1,1
DA:2,1
DA:3,1
DA:4,1
DA:5,1
DA:6,1
DA:7,1
DA:8,1
DA:9,1
DA:10,1
DA:11,1
DA:12,1
DA:13,1
DA:14,1
DA:15,1
DA:16,1
DA:17,1
DA:18,1
DA:19,2
DA:20,2
DA:21,2
DA:22,1
DA:23,1
DA:24,2
DA:25,2
DA:26,2
DA:27,2
DA:28,2
DA:29,1
DA:30,1
DA:31,1
DA:32,1
DA:33,1
DA:34,1
DA:35,1
DA:36,1
DA:37,2
DA:38,2
DA:39,2
DA:40,2
DA:41,2
DA:42,2
DA:43,2
DA:44,2
DA:45,2
DA:46,2
DA:47,2
DA:48,2
DA:49,1
LF:49
LH:49
BRDA:18,0,0,0
BRDA:23,1,0,2
BRDA:28,2,0,1
BRDA:18,3,0,2
BRF:4
BRH:3
end_of_record
TN:
SF:src/domain/useCases/Users/createUser.ts
FN:22,execute
FN:17,CreateUser
FNF:2
FNH:2
FNDA:5,execute
FNDA:4,CreateUser
DA:1,1
DA:2,1
DA:3,1
DA:4,1
DA:5,1
DA:6,1
DA:7,1
DA:8,1
DA:9,1
DA:10,1
DA:11,1
DA:12,1
DA:13,1
DA:14,1
DA:15,1
DA:16,1
DA:17,1
DA:18,4
DA:19,4
DA:20,4
DA:21,1
DA:22,1
DA:23,5
DA:24,5
DA:25,5
DA:26,5
DA:27,1
DA:28,1
DA:29,5
DA:30,5
DA:31,5
DA:32,5
DA:33,5
DA:34,5
DA:35,5
DA:36,5
DA:37,5
DA:38,5
DA:39,5
DA:40,5
DA:41,5
DA:42,1
LF:42
LH:42
BRDA:17,0,0,0
BRDA:22,1,0,5
BRDA:26,2,0,1
BRDA:17,3,0,4
BRF:4
BRH:3
end_of_record
TN:
SF:src/domain/useCases/Users/removeUser.ts
FN:12,execute
FN:9,RemoveUser
FNF:2
FNH:2
FNDA:2,execute
FNDA:2,RemoveUser
DA:1,1
DA:2,1
DA:3,1
DA:4,1
DA:5,1
DA:6,1
DA:7,1
DA:8,1
DA:9,1
DA:10,2
DA:11,1
DA:12,1
DA:13,2
DA:14,2
DA:15,1
LF:15
LH:15
BRDA:12,0,0,2
BRDA:9,1,0,2
BRF:2
BRH:2
end_of_record
